# JRE version: Java(TM) SE Runtime Environment (8.0_131-b11) (build 1.8.0_131-b11)
# Java VM: Java HotSpot(TM) 64-Bit Server VM (25.131-b11 mixed mode windows-amd64 compressed oops)
Heap:
 PSYoungGen      total 108544K, used 1564K [0x00000000d7780000, 0x00000000e3080000, 0x0000000100000000)
  eden space 95744K, 1% used [0x00000000d7780000,0x00000000d79070b0,0x00000000dd500000)
  from space 12800K, 0% used [0x00000000dd500000,0x00000000dd500000,0x00000000de180000)
  to   space 13312K, 0% used [0x00000000e2380000,0x00000000e2380000,0x00000000e3080000)
 ParOldGen       total 82944K, used 15854K [0x0000000086600000, 0x000000008b700000, 0x00000000d7780000)
  object space 82944K, 19% used [0x0000000086600000,0x000000008757b838,0x000000008b700000)
 Metaspace       used 34413K, capacity 35864K, committed 36056K, reserved 1081344K
  class space    used 4407K, capacity 4692K, committed 4736K, reserved 1048576K
GC Heap History (10 events):
Event: 2.959 GC heap before
{Heap before GC invocations=5 (full 1):
 PSYoungGen      total 67584K, used 5098K [0x00000000d7780000, 0x00000000dbe80000, 0x0000000100000000)
  eden space 62464K, 0% used [0x00000000d7780000,0x00000000d7780000,0x00000000db480000)
  from space 5120K, 99% used [0x00000000db980000,0x00000000dbe7abb0,0x00000000dbe80000)
  to   space 5120K, 0% used [0x00000000db480000,0x00000000db480000,0x00000000db980000)
 ParOldGen       total 83456K, used 5516K [0x0000000086600000, 0x000000008b780000, 0x00000000d7780000)
  object space 83456K, 6% used [0x0000000086600000,0x0000000086b63218,0x000000008b780000)
 Metaspace       used 20640K, capacity 21148K, committed 21248K, reserved 1067008K
  class space    used 2632K, capacity 2806K, committed 2816K, reserved 1048576K
Event: 2.999 GC heap after
Heap after GC invocations=5 (full 1):
 PSYoungGen      total 67584K, used 0K [0x00000000d7780000, 0x00000000dbe80000, 0x0000000100000000)
  eden space 62464K, 0% used [0x00000000d7780000,0x00000000d7780000,0x00000000db480000)
  from space 5120K, 0% used [0x00000000db980000,0x00000000db980000,0x00000000dbe80000)
  to   space 5120K, 0% used [0x00000000db480000,0x00000000db480000,0x00000000db980000)
 ParOldGen       total 53760K, used 6839K [0x0000000086600000, 0x0000000089a80000, 0x00000000d7780000)
  object space 53760K, 12% used [0x0000000086600000,0x0000000086cadd30,0x0000000089a80000)
 Metaspace       used 20640K, capacity 21148K, committed 21248K, reserved 1067008K
  class space    used 2632K, capacity 2806K, committed 2816K, reserved 1048576K
}
Event: 4.590 GC heap before
{Heap before GC invocations=6 (full 1):
 PSYoungGen      total 67584K, used 62464K [0x00000000d7780000, 0x00000000dbe80000, 0x0000000100000000)
  eden space 62464K, 100% used [0x00000000d7780000,0x00000000db480000,0x00000000db480000)
  from space 5120K, 0% used [0x00000000db980000,0x00000000db980000,0x00000000dbe80000)
  to   space 5120K, 0% used [0x00000000db480000,0x00000000db480000,0x00000000db980000)
 ParOldGen       total 53760K, used 6839K [0x0000000086600000, 0x0000000089a80000, 0x00000000d7780000)
  object space 53760K, 12% used [0x0000000086600000,0x0000000086cadd30,0x0000000089a80000)
 Metaspace       used 26622K, capacity 27436K, committed 27648K, reserved 1073152K
  class space    used 3370K, capacity 3556K, committed 3584K, reserved 1048576K
Event: 4.606 GC heap after
Heap after GC invocations=6 (full 1):
 PSYoungGen      total 67584K, used 5110K [0x00000000d7780000, 0x00000000dea80000, 0x0000000100000000)
  eden space 62464K, 0% used [0x00000000d7780000,0x00000000d7780000,0x00000000db480000)
  from space 5120K, 99% used [0x00000000db480000,0x00000000db97daa0,0x00000000db980000)
  to   space 9216K, 0% used [0x00000000de180000,0x00000000de180000,0x00000000dea80000)
 ParOldGen       total 53760K, used 9410K [0x0000000086600000, 0x0000000089a80000, 0x00000000d7780000)
  object space 53760K, 17% used [0x0000000086600000,0x0000000086f30930,0x0000000089a80000)
 Metaspace       used 26622K, capacity 27436K, committed 27648K, reserved 1073152K
  class space    used 3370K, capacity 3556K, committed 3584K, reserved 1048576K
}
Event: 6.344 GC heap before
{Heap before GC invocations=7 (full 1):
 PSYoungGen      total 67584K, used 67574K [0x00000000d7780000, 0x00000000dea80000, 0x0000000100000000)
  eden space 62464K, 100% used [0x00000000d7780000,0x00000000db480000,0x00000000db480000)
  from space 5120K, 99% used [0x00000000db480000,0x00000000db97daa0,0x00000000db980000)
  to   space 9216K, 0% used [0x00000000de180000,0x00000000de180000,0x00000000dea80000)
 ParOldGen       total 53760K, used 9410K [0x0000000086600000, 0x0000000089a80000, 0x00000000d7780000)
  object space 53760K, 17% used [0x0000000086600000,0x0000000086f30930,0x0000000089a80000)
 Metaspace       used 32702K, capacity 34106K, committed 34176K, reserved 1079296K
  class space    used 4173K, capacity 4455K, committed 4480K, reserved 1048576K
Event: 6.367 GC heap after
Heap after GC invocations=7 (full 1):
 PSYoungGen      total 104960K, used 9188K [0x00000000d7780000, 0x00000000df000000, 0x0000000100000000)
  eden space 95744K, 0% used [0x00000000d7780000,0x00000000d7780000,0x00000000dd500000)
  from space 9216K, 99% used [0x00000000de180000,0x00000000dea790e0,0x00000000dea80000)
  to   space 12800K, 0% used [0x00000000dd500000,0x00000000dd500000,0x00000000de180000)
 ParOldGen       total 53760K, used 14355K [0x0000000086600000, 0x0000000089a80000, 0x00000000d7780000)
  object space 53760K, 26% used [0x0000000086600000,0x0000000087404f70,0x0000000089a80000)
 Metaspace       used 32702K, capacity 34106K, committed 34176K, reserved 1079296K
  class space    used 4173K, capacity 4455K, committed 4480K, reserved 1048576K
}
Event: 6.655 GC heap before
{Heap before GC invocations=8 (full 1):
 PSYoungGen      total 104960K, used 17202K [0x00000000d7780000, 0x00000000df000000, 0x0000000100000000)
  eden space 95744K, 8% used [0x00000000d7780000,0x00000000d7f53878,0x00000000dd500000)
  from space 9216K, 99% used [0x00000000de180000,0x00000000dea790e0,0x00000000dea80000)
  to   space 12800K, 0% used [0x00000000dd500000,0x00000000dd500000,0x00000000de180000)
 ParOldGen       total 53760K, used 14355K [0x0000000086600000, 0x0000000089a80000, 0x00000000d7780000)
  object space 53760K, 26% used [0x0000000086600000,0x0000000087404f70,0x0000000089a80000)
 Metaspace       used 33871K, capacity 35320K, committed 35416K, reserved 1081344K
  class space    used 4324K, capacity 4596K, committed 4608K, reserved 1048576K
Event: 6.677 GC heap after
Heap after GC invocations=8 (full 1):
 PSYoungGen      total 108544K, used 10019K [0x00000000d7780000, 0x00000000e3080000, 0x0000000100000000)
  eden space 95744K, 0% used [0x00000000d7780000,0x00000000d7780000,0x00000000dd500000)
  from space 12800K, 78% used [0x00000000dd500000,0x00000000ddec8c50,0x00000000de180000)
  to   space 13312K, 0% used [0x00000000e2380000,0x00000000e2380000,0x00000000e3080000)
 ParOldGen       total 53760K, used 14355K [0x0000000086600000, 0x0000000089a80000, 0x00000000d7780000)
  object space 53760K, 26% used [0x0000000086600000,0x0000000087404f70,0x0000000089a80000)
 Metaspace       used 33871K, capacity 35320K, committed 35416K, reserved 1081344K
  class space    used 4324K, capacity 4596K, committed 4608K, reserved 1048576K
}
Event: 6.677 GC heap before
{Heap before GC invocations=9 (full 2):
 PSYoungGen      total 108544K, used 10019K [0x00000000d7780000, 0x00000000e3080000, 0x0000000100000000)
  eden space 95744K, 0% used [0x00000000d7780000,0x00000000d7780000,0x00000000dd500000)
  from space 12800K, 78% used [0x00000000dd500000,0x00000000ddec8c50,0x00000000de180000)
  to   space 13312K, 0% used [0x00000000e2380000,0x00000000e2380000,0x00000000e3080000)
 ParOldGen       total 53760K, used 14355K [0x0000000086600000, 0x0000000089a80000, 0x00000000d7780000)
  object space 53760K, 26% used [0x0000000086600000,0x0000000087404f70,0x0000000089a80000)
 Metaspace       used 33871K, capacity 35320K, committed 35416K, reserved 1081344K
  class space    used 4324K, capacity 4596K, committed 4608K, reserved 1048576K
Event: 6.791 GC heap after
Heap after GC invocations=9 (full 2):
 PSYoungGen      total 108544K, used 0K [0x00000000d7780000, 0x00000000e3080000, 0x0000000100000000)
  eden space 95744K, 0% used [0x00000000d7780000,0x00000000d7780000,0x00000000dd500000)
  from space 12800K, 0% used [0x00000000dd500000,0x00000000dd500000,0x00000000de180000)
  to   space 13312K, 0% used [0x00000000e2380000,0x00000000e2380000,0x00000000e3080000)
 ParOldGen       total 82944K, used 15854K [0x0000000086600000, 0x000000008b700000, 0x00000000d7780000)
  object space 82944K, 19% used [0x0000000086600000,0x000000008757b838,0x000000008b700000)
 Metaspace       used 33871K, capacity 35320K, committed 35416K, reserved 1081344K
  class space    used 4324K, capacity 4596K, committed 4608K, reserved 1048576K
}

