# JRE version: Java(TM) SE Runtime Environment (8.0_131-b11) (build 1.8.0_131-b11)
# Java VM: Java HotSpot(TM) 64-Bit Server VM (25.131-b11 mixed mode windows-amd64 compressed oops)
Heap:
 PSYoungGen      total 67584K, used 28998K [0x00000000d7780000, 0x00000000de300000, 0x0000000100000000)
  eden space 54784K, 52% used [0x00000000d7780000,0x00000000d93d1b70,0x00000000dad00000)
  from space 12800K, 0% used [0x00000000dad00000,0x00000000dad00000,0x00000000db980000)
  to   space 12288K, 0% used [0x00000000dd700000,0x00000000dd700000,0x00000000de300000)
 ParOldGen       total 96768K, used 19113K [0x0000000086600000, 0x000000008c480000, 0x00000000d7780000)
  object space 96768K, 19% used [0x0000000086600000,0x00000000878aa668,0x000000008c480000)
 Metaspace       used 35617K, capacity 37028K, committed 37080K, reserved 1081344K
  class space    used 4547K, capacity 4824K, committed 4824K, reserved 1048576K
GC Heap History (10 events):
Event: 2.719 GC heap before
{Heap before GC invocations=5 (full 1):
 PSYoungGen      total 67584K, used 5090K [0x00000000d7780000, 0x00000000dbe80000, 0x0000000100000000)
  eden space 62464K, 0% used [0x00000000d7780000,0x00000000d7780000,0x00000000db480000)
  from space 5120K, 99% used [0x00000000db980000,0x00000000dbe78858,0x00000000dbe80000)
  to   space 5120K, 0% used [0x00000000db480000,0x00000000db480000,0x00000000db980000)
 ParOldGen       total 83456K, used 5476K [0x0000000086600000, 0x000000008b780000, 0x00000000d7780000)
  object space 83456K, 6% used [0x0000000086600000,0x0000000086b592c8,0x000000008b780000)
 Metaspace       used 20578K, capacity 21142K, committed 21248K, reserved 1067008K
  class space    used 2624K, capacity 2783K, committed 2816K, reserved 1048576K
Event: 2.775 GC heap after
Heap after GC invocations=5 (full 1):
 PSYoungGen      total 67584K, used 0K [0x00000000d7780000, 0x00000000dbe80000, 0x0000000100000000)
  eden space 62464K, 0% used [0x00000000d7780000,0x00000000d7780000,0x00000000db480000)
  from space 5120K, 0% used [0x00000000db980000,0x00000000db980000,0x00000000dbe80000)
  to   space 5120K, 0% used [0x00000000db480000,0x00000000db480000,0x00000000db980000)
 ParOldGen       total 57856K, used 6757K [0x0000000086600000, 0x0000000089e80000, 0x00000000d7780000)
  object space 57856K, 11% used [0x0000000086600000,0x0000000086c995e0,0x0000000089e80000)
 Metaspace       used 20578K, capacity 21142K, committed 21248K, reserved 1067008K
  class space    used 2624K, capacity 2783K, committed 2816K, reserved 1048576K
}
Event: 4.326 GC heap before
{Heap before GC invocations=6 (full 1):
 PSYoungGen      total 67584K, used 62464K [0x00000000d7780000, 0x00000000dbe80000, 0x0000000100000000)
  eden space 62464K, 100% used [0x00000000d7780000,0x00000000db480000,0x00000000db480000)
  from space 5120K, 0% used [0x00000000db980000,0x00000000db980000,0x00000000dbe80000)
  to   space 5120K, 0% used [0x00000000db480000,0x00000000db480000,0x00000000db980000)
 ParOldGen       total 57856K, used 6757K [0x0000000086600000, 0x0000000089e80000, 0x00000000d7780000)
  object space 57856K, 11% used [0x0000000086600000,0x0000000086c995e0,0x0000000089e80000)
 Metaspace       used 26478K, capacity 27292K, committed 27392K, reserved 1073152K
  class space    used 3356K, capacity 3556K, committed 3584K, reserved 1048576K
Event: 4.344 GC heap after
Heap after GC invocations=6 (full 1):
 PSYoungGen      total 67584K, used 5112K [0x00000000d7780000, 0x00000000dbe80000, 0x0000000100000000)
  eden space 62464K, 0% used [0x00000000d7780000,0x00000000d7780000,0x00000000db480000)
  from space 5120K, 99% used [0x00000000db480000,0x00000000db97e1e8,0x00000000db980000)
  to   space 5120K, 0% used [0x00000000db980000,0x00000000db980000,0x00000000dbe80000)
 ParOldGen       total 57856K, used 9358K [0x0000000086600000, 0x0000000089e80000, 0x00000000d7780000)
  object space 57856K, 16% used [0x0000000086600000,0x0000000086f23bb0,0x0000000089e80000)
 Metaspace       used 26478K, capacity 27292K, committed 27392K, reserved 1073152K
  class space    used 3356K, capacity 3556K, committed 3584K, reserved 1048576K
}
Event: 5.945 GC heap before
{Heap before GC invocations=7 (full 1):
 PSYoungGen      total 67584K, used 67576K [0x00000000d7780000, 0x00000000dbe80000, 0x0000000100000000)
  eden space 62464K, 100% used [0x00000000d7780000,0x00000000db480000,0x00000000db480000)
  from space 5120K, 99% used [0x00000000db480000,0x00000000db97e1e8,0x00000000db980000)
  to   space 5120K, 0% used [0x00000000db980000,0x00000000db980000,0x00000000dbe80000)
 ParOldGen       total 57856K, used 9358K [0x0000000086600000, 0x0000000089e80000, 0x00000000d7780000)
  object space 57856K, 16% used [0x0000000086600000,0x0000000086f23bb0,0x0000000089e80000)
 Metaspace       used 32554K, capacity 33902K, committed 34176K, reserved 1079296K
  class space    used 4152K, capacity 4413K, committed 4480K, reserved 1048576K
Event: 5.957 GC heap after
Heap after GC invocations=7 (full 1):
 PSYoungGen      total 59904K, used 5092K [0x00000000d7780000, 0x00000000de700000, 0x0000000100000000)
  eden space 54784K, 0% used [0x00000000d7780000,0x00000000d7780000,0x00000000dad00000)
  from space 5120K, 99% used [0x00000000db980000,0x00000000dbe79040,0x00000000dbe80000)
  to   space 12800K, 0% used [0x00000000dad00000,0x00000000dad00000,0x00000000db980000)
 ParOldGen       total 57856K, used 18288K [0x0000000086600000, 0x0000000089e80000, 0x00000000d7780000)
  object space 57856K, 31% used [0x0000000086600000,0x00000000877dc2a8,0x0000000089e80000)
 Metaspace       used 32554K, capacity 33902K, committed 34176K, reserved 1079296K
  class space    used 4152K, capacity 4413K, committed 4480K, reserved 1048576K
}
Event: 6.277 GC heap before
{Heap before GC invocations=8 (full 1):
 PSYoungGen      total 59904K, used 14633K [0x00000000d7780000, 0x00000000de700000, 0x0000000100000000)
  eden space 54784K, 17% used [0x00000000d7780000,0x00000000d80d14e8,0x00000000dad00000)
  from space 5120K, 99% used [0x00000000db980000,0x00000000dbe79040,0x00000000dbe80000)
  to   space 12800K, 0% used [0x00000000dad00000,0x00000000dad00000,0x00000000db980000)
 ParOldGen       total 57856K, used 18288K [0x0000000086600000, 0x0000000089e80000, 0x00000000d7780000)
  object space 57856K, 31% used [0x0000000086600000,0x00000000877dc2a8,0x0000000089e80000)
 Metaspace       used 33902K, capacity 35348K, committed 35416K, reserved 1079296K
  class space    used 4329K, capacity 4628K, committed 4696K, reserved 1048576K
Event: 6.297 GC heap after
Heap after GC invocations=8 (full 1):
 PSYoungGen      total 67584K, used 6268K [0x00000000d7780000, 0x00000000de300000, 0x0000000100000000)
  eden space 54784K, 0% used [0x00000000d7780000,0x00000000d7780000,0x00000000dad00000)
  from space 12800K, 48% used [0x00000000dad00000,0x00000000db31f018,0x00000000db980000)
  to   space 12288K, 0% used [0x00000000dd700000,0x00000000dd700000,0x00000000de300000)
 ParOldGen       total 57856K, used 18296K [0x0000000086600000, 0x0000000089e80000, 0x00000000d7780000)
  object space 57856K, 31% used [0x0000000086600000,0x00000000877de2a8,0x0000000089e80000)
 Metaspace       used 33902K, capacity 35348K, committed 35416K, reserved 1079296K
  class space    used 4329K, capacity 4628K, committed 4696K, reserved 1048576K
}
Event: 6.297 GC heap before
{Heap before GC invocations=9 (full 2):
 PSYoungGen      total 67584K, used 6268K [0x00000000d7780000, 0x00000000de300000, 0x0000000100000000)
  eden space 54784K, 0% used [0x00000000d7780000,0x00000000d7780000,0x00000000dad00000)
  from space 12800K, 48% used [0x00000000dad00000,0x00000000db31f018,0x00000000db980000)
  to   space 12288K, 0% used [0x00000000dd700000,0x00000000dd700000,0x00000000de300000)
 ParOldGen       total 57856K, used 18296K [0x0000000086600000, 0x0000000089e80000, 0x00000000d7780000)
  object space 57856K, 31% used [0x0000000086600000,0x00000000877de2a8,0x0000000089e80000)
 Metaspace       used 33902K, capacity 35348K, committed 35416K, reserved 1079296K
  class space    used 4329K, capacity 4628K, committed 4696K, reserved 1048576K
Event: 6.386 GC heap after
Heap after GC invocations=9 (full 2):
 PSYoungGen      total 67584K, used 0K [0x00000000d7780000, 0x00000000de300000, 0x0000000100000000)
  eden space 54784K, 0% used [0x00000000d7780000,0x00000000d7780000,0x00000000dad00000)
  from space 12800K, 0% used [0x00000000dad00000,0x00000000dad00000,0x00000000db980000)
  to   space 12288K, 0% used [0x00000000dd700000,0x00000000dd700000,0x00000000de300000)
 ParOldGen       total 96768K, used 19113K [0x0000000086600000, 0x000000008c480000, 0x00000000d7780000)
  object space 96768K, 19% used [0x0000000086600000,0x00000000878aa668,0x000000008c480000)
 Metaspace       used 33902K, capacity 35348K, committed 35416K, reserved 1079296K
  class space    used 4329K, capacity 4628K, committed 4696K, reserved 1048576K
}

