# JRE version: Java(TM) SE Runtime Environment (8.0_131-b11) (build 1.8.0_131-b11)
# Java VM: Java HotSpot(TM) 64-Bit Server VM (25.131-b11 mixed mode windows-amd64 compressed oops)
Heap:
 PSYoungGen      total 67584K, used 6830K [0x00000000d7780000, 0x00000000de800000, 0x0000000100000000)
  eden space 62464K, 2% used [0x00000000d7780000,0x00000000d792fb18,0x00000000db480000)
  from space 5120K, 99% used [0x00000000db480000,0x00000000db97be98,0x00000000db980000)
  to   space 9216K, 0% used [0x00000000ddf00000,0x00000000ddf00000,0x00000000de800000)
 ParOldGen       total 55296K, used 9383K [0x0000000086600000, 0x0000000089c00000, 0x00000000d7780000)
  object space 55296K, 16% used [0x0000000086600000,0x0000000086f29d40,0x0000000089c00000)
 Metaspace       used 26814K, capacity 27668K, committed 28032K, reserved 1073152K
  class space    used 3389K, capacity 3592K, committed 3712K, reserved 1048576K
GC Heap History (10 events):
Event: 1.825 GC heap before
{Heap before GC invocations=2 (full 0):
 PSYoungGen      total 36352K, used 36332K [0x00000000d7780000, 0x00000000da000000, 0x0000000100000000)
  eden space 31232K, 100% used [0x00000000d7780000,0x00000000d9600000,0x00000000d9600000)
  from space 5120K, 99% used [0x00000000d9600000,0x00000000d9afb1f0,0x00000000d9b00000)
  to   space 5120K, 0% used [0x00000000d9b00000,0x00000000d9b00000,0x00000000da000000)
 ParOldGen       total 83456K, used 64K [0x0000000086600000, 0x000000008b780000, 0x00000000d7780000)
  object space 83456K, 0% used [0x0000000086600000,0x00000000866100a8,0x000000008b780000)
 Metaspace       used 13776K, capacity 14252K, committed 14592K, reserved 1062912K
  class space    used 1784K, capacity 1926K, committed 2048K, reserved 1048576K
Event: 1.832 GC heap after
Heap after GC invocations=2 (full 0):
 PSYoungGen      total 36352K, used 5098K [0x00000000d7780000, 0x00000000dbe80000, 0x0000000100000000)
  eden space 31232K, 0% used [0x00000000d7780000,0x00000000d7780000,0x00000000d9600000)
  from space 5120K, 99% used [0x00000000d9b00000,0x00000000d9ffaa98,0x00000000da000000)
  to   space 5120K, 0% used [0x00000000d9600000,0x00000000d9600000,0x00000000d9b00000)
 ParOldGen       total 83456K, used 858K [0x0000000086600000, 0x000000008b780000, 0x00000000d7780000)
  object space 83456K, 1% used [0x0000000086600000,0x00000000866d6a58,0x000000008b780000)
 Metaspace       used 13776K, capacity 14252K, committed 14592K, reserved 1062912K
  class space    used 1784K, capacity 1926K, committed 2048K, reserved 1048576K
}
Event: 2.806 GC heap before
{Heap before GC invocations=3 (full 0):
 PSYoungGen      total 36352K, used 36330K [0x00000000d7780000, 0x00000000dbe80000, 0x0000000100000000)
  eden space 31232K, 100% used [0x00000000d7780000,0x00000000d9600000,0x00000000d9600000)
  from space 5120K, 99% used [0x00000000d9b00000,0x00000000d9ffaa98,0x00000000da000000)
  to   space 5120K, 0% used [0x00000000d9600000,0x00000000d9600000,0x00000000d9b00000)
 ParOldGen       total 83456K, used 858K [0x0000000086600000, 0x000000008b780000, 0x00000000d7780000)
  object space 83456K, 1% used [0x0000000086600000,0x00000000866d6a58,0x000000008b780000)
 Metaspace       used 18500K, capacity 19002K, committed 19200K, reserved 1067008K
  class space    used 2336K, capacity 2457K, committed 2560K, reserved 1048576K
Event: 2.814 GC heap after
Heap after GC invocations=3 (full 0):
 PSYoungGen      total 36352K, used 5106K [0x00000000d7780000, 0x00000000dbe80000, 0x0000000100000000)
  eden space 31232K, 0% used [0x00000000d7780000,0x00000000d7780000,0x00000000d9600000)
  from space 5120K, 99% used [0x00000000d9600000,0x00000000d9afc970,0x00000000d9b00000)
  to   space 5120K, 0% used [0x00000000db980000,0x00000000db980000,0x00000000dbe80000)
 ParOldGen       total 83456K, used 3641K [0x0000000086600000, 0x000000008b780000, 0x00000000d7780000)
  object space 83456K, 4% used [0x0000000086600000,0x000000008698e7e0,0x000000008b780000)
 Metaspace       used 18500K, capacity 19002K, committed 19200K, reserved 1067008K
  class space    used 2336K, capacity 2457K, committed 2560K, reserved 1048576K
}
Event: 3.121 GC heap before
{Heap before GC invocations=4 (full 0):
 PSYoungGen      total 36352K, used 24140K [0x00000000d7780000, 0x00000000dbe80000, 0x0000000100000000)
  eden space 31232K, 60% used [0x00000000d7780000,0x00000000d8a16760,0x00000000d9600000)
  from space 5120K, 99% used [0x00000000d9600000,0x00000000d9afc970,0x00000000d9b00000)
  to   space 5120K, 0% used [0x00000000db980000,0x00000000db980000,0x00000000dbe80000)
 ParOldGen       total 83456K, used 3641K [0x0000000086600000, 0x000000008b780000, 0x00000000d7780000)
  object space 83456K, 4% used [0x0000000086600000,0x000000008698e7e0,0x000000008b780000)
 Metaspace       used 20585K, capacity 21102K, committed 21248K, reserved 1067008K
  class space    used 2619K, capacity 2787K, committed 2816K, reserved 1048576K
Event: 3.137 GC heap after
Heap after GC invocations=4 (full 0):
 PSYoungGen      total 67584K, used 5100K [0x00000000d7780000, 0x00000000dbe80000, 0x0000000100000000)
  eden space 62464K, 0% used [0x00000000d7780000,0x00000000d7780000,0x00000000db480000)
  from space 5120K, 99% used [0x00000000db980000,0x00000000dbe7b118,0x00000000dbe80000)
  to   space 5120K, 0% used [0x00000000db480000,0x00000000db480000,0x00000000db980000)
 ParOldGen       total 83456K, used 5621K [0x0000000086600000, 0x000000008b780000, 0x00000000d7780000)
  object space 83456K, 6% used [0x0000000086600000,0x0000000086b7d6f0,0x000000008b780000)
 Metaspace       used 20585K, capacity 21102K, committed 21248K, reserved 1067008K
  class space    used 2619K, capacity 2787K, committed 2816K, reserved 1048576K
}
Event: 3.137 GC heap before
{Heap before GC invocations=5 (full 1):
 PSYoungGen      total 67584K, used 5100K [0x00000000d7780000, 0x00000000dbe80000, 0x0000000100000000)
  eden space 62464K, 0% used [0x00000000d7780000,0x00000000d7780000,0x00000000db480000)
  from space 5120K, 99% used [0x00000000db980000,0x00000000dbe7b118,0x00000000dbe80000)
  to   space 5120K, 0% used [0x00000000db480000,0x00000000db480000,0x00000000db980000)
 ParOldGen       total 83456K, used 5621K [0x0000000086600000, 0x000000008b780000, 0x00000000d7780000)
  object space 83456K, 6% used [0x0000000086600000,0x0000000086b7d6f0,0x000000008b780000)
 Metaspace       used 20585K, capacity 21102K, committed 21248K, reserved 1067008K
  class space    used 2619K, capacity 2787K, committed 2816K, reserved 1048576K
Event: 3.185 GC heap after
Heap after GC invocations=5 (full 1):
 PSYoungGen      total 67584K, used 0K [0x00000000d7780000, 0x00000000dbe80000, 0x0000000100000000)
  eden space 62464K, 0% used [0x00000000d7780000,0x00000000d7780000,0x00000000db480000)
  from space 5120K, 0% used [0x00000000db980000,0x00000000db980000,0x00000000dbe80000)
  to   space 5120K, 0% used [0x00000000db480000,0x00000000db480000,0x00000000db980000)
 ParOldGen       total 55296K, used 6914K [0x0000000086600000, 0x0000000089c00000, 0x00000000d7780000)
  object space 55296K, 12% used [0x0000000086600000,0x0000000086cc0ba8,0x0000000089c00000)
 Metaspace       used 20584K, capacity 21096K, committed 21248K, reserved 1067008K
  class space    used 2619K, capacity 2786K, committed 2816K, reserved 1048576K
}
Event: 4.556 GC heap before
{Heap before GC invocations=6 (full 1):
 PSYoungGen      total 67584K, used 62464K [0x00000000d7780000, 0x00000000dbe80000, 0x0000000100000000)
  eden space 62464K, 100% used [0x00000000d7780000,0x00000000db480000,0x00000000db480000)
  from space 5120K, 0% used [0x00000000db980000,0x00000000db980000,0x00000000dbe80000)
  to   space 5120K, 0% used [0x00000000db480000,0x00000000db480000,0x00000000db980000)
 ParOldGen       total 55296K, used 6914K [0x0000000086600000, 0x0000000089c00000, 0x00000000d7780000)
  object space 55296K, 12% used [0x0000000086600000,0x0000000086cc0ba8,0x0000000089c00000)
 Metaspace       used 26631K, capacity 27424K, committed 27648K, reserved 1073152K
  class space    used 3370K, capacity 3556K, committed 3584K, reserved 1048576K
Event: 4.574 GC heap after
Heap after GC invocations=6 (full 1):
 PSYoungGen      total 67584K, used 5103K [0x00000000d7780000, 0x00000000de800000, 0x0000000100000000)
  eden space 62464K, 0% used [0x00000000d7780000,0x00000000d7780000,0x00000000db480000)
  from space 5120K, 99% used [0x00000000db480000,0x00000000db97be98,0x00000000db980000)
  to   space 9216K, 0% used [0x00000000ddf00000,0x00000000ddf00000,0x00000000de800000)
 ParOldGen       total 55296K, used 9383K [0x0000000086600000, 0x0000000089c00000, 0x00000000d7780000)
  object space 55296K, 16% used [0x0000000086600000,0x0000000086f29d40,0x0000000089c00000)
 Metaspace       used 26631K, capacity 27424K, committed 27648K, reserved 1073152K
  class space    used 3370K, capacity 3556K, committed 3584K, reserved 1048576K
}

